<?xml version="1.0" encoding="UTF-8"?>
<!-- Generated by org.testng.reporters.JUnitReportReporter -->
<testsuite hostname="LAPTOP-7BTIVPCA" failures="0" tests="1" name="ExtentReport.ExtentReportTest" time="2.746" errors="0" timestamp="2021-06-06T20:35:19 IST" skipped="0">
  <testcase classname="ExtentReport.ExtentReportTest" name="extentReportDemo_2" time="2.746"/>
  <system-out/>
</testsuite> <!-- ExtentReport.ExtentReportTest -->
