<?xml version="1.0" encoding="UTF-8"?>
<!-- Generated by org.testng.reporters.JUnitReportReporter -->
<testsuite hostname="LAPTOP-7BTIVPCA" failures="0" tests="1" name="com.sudha.learn.api.updateCustomer" time="2.700" errors="0" timestamp="2021-04-30T16:26:47 IST" skipped="0">
  <testcase classname="com.sudha.learn.api.updateCustomer" name="updateCustomer" time="2.700"/>
  <system-out/>
</testsuite> <!-- com.sudha.learn.api.updateCustomer -->
