<?xml version="1.0" encoding="UTF-8"?>
<!-- Generated by org.testng.reporters.JUnitReportReporter -->
<testsuite hostname="LAPTOP-7BTIVPCA" failures="0" tests="1" name="jsonCreation.Method1" time="2.565" errors="0" timestamp="2021-04-30T18:56:32 IST" skipped="0">
  <testcase classname="jsonCreation.Method1" name="createUser" time="2.565"/>
  <system-out/>
</testsuite> <!-- jsonCreation.Method1 -->
