<?xml version="1.0" encoding="UTF-8"?>
<!-- Generated by org.testng.reporters.JUnitReportReporter -->
<testsuite hostname="LAPTOP-7BTIVPCA" failures="0" tests="1" name="CreateJsonWithPojo.Testcase" time="22.050" errors="0" timestamp="2021-05-15T10:03:06 IST" skipped="0">
  <testcase classname="CreateJsonWithPojo.Testcase" name="createUser" time="22.050"/>
  <system-out/>
</testsuite> <!-- CreateJsonWithPojo.Testcase -->
