<?xml version="1.0" encoding="UTF-8"?>
<!-- Generated by org.testng.reporters.JUnitReportReporter -->
<testsuite hostname="LAPTOP-7BTIVPCA" failures="0" tests="2" name="TestNGclass.Class2" time="0.001" errors="0" timestamp="2021-05-21T19:09:53 IST" skipped="0">
  <testcase classname="TestNGclass.Class2" name="mySecondTestNGMethod" time="0.000"/>
  <system-out/>
  <testcase classname="TestNGclass.Class2" name="mySecondTestNGMethod" time="0.001"/>
  <system-out/>
</testsuite> <!-- TestNGclass.Class2 -->
