<?xml version="1.0" encoding="UTF-8"?>
<!-- Generated by org.testng.reporters.JUnitReportReporter -->
<testsuite hostname="LAPTOP-7BTIVPCA" failures="0" tests="3" name="com.test.grid.GridWithThreadLocal" time="96.850" errors="0" timestamp="2021-06-04T02:03:13 IST" skipped="0">
  <testcase classname="com.test.grid.GridWithThreadLocal" name="searchGoogle" time="34.783"/>
  <system-out/>
  <testcase classname="com.test.grid.GridWithThreadLocal" name="searchGoogle" time="28.418"/>
  <system-out/>
  <testcase classname="com.test.grid.GridWithThreadLocal" name="searchGoogle" time="33.649"/>
  <system-out/>
</testsuite> <!-- com.test.grid.GridWithThreadLocal -->
