<?xml version="1.0" encoding="UTF-8"?>
<!-- Generated by org.testng.reporters.JUnitReportReporter -->
<testsuite hostname="LAPTOP-7BTIVPCA" failures="0" tests="3" name="Test.GmailTest" time="72.011" errors="0" timestamp="2021-06-04T02:03:13 IST" skipped="0">
  <testcase classname="Test.GmailTest" name="openGmail" time="13.983"/>
  <system-out/>
  <testcase classname="Test.GmailTest" name="openGmail" time="15.129"/>
  <system-out/>
  <testcase classname="Test.GmailTest" name="openGmail" time="42.899"/>
  <system-out/>
</testsuite> <!-- Test.GmailTest -->
